
  Error: Parse Error


  Error: write EPIPE
      at afterWriteDispatched (internal/stream_base_commons.js:78:25)
      at writeGeneric (internal/stream_base_commons.js:73:3)
      at Socket._writeGeneric (net.js:714:5)
      at Socket._write (net.js:726:8)
      at doWrite (_stream_writable.js:415:12)
      at writeOrBuffer (_stream_writable.js:399:5)
      at Socket.Writable.write (_stream_writable.js:299:11)
      at ServerResponse._writeRaw (_http_outgoing.js:272:17)
      at ServerResponse._send (_http_outgoing.js:236:15)
      at ServerResponse.end (_http_outgoing.js:714:10)
      at Gzip.onStreamEnd (/root/shopify-community-app/Admin-Frontend/node_modules/next/dist/compiled/compression/index.js:1:149931)
      at Gzip.emit (events.js:203:15)
      at endReadableNT (_stream_readable.js:1145:12)
      at process._tickCallback (internal/process/next_tick.js:63:19)


  Error: write EPIPE
      at afterWriteDispatched (internal/stream_base_commons.js:78:25)
      at writevGeneric (internal/stream_base_commons.js:67:3)
      at Socket._writeGeneric (net.js:712:5)
      at Socket._writev (net.js:721:8)
      at doWrite (_stream_writable.js:413:12)
      at clearBuffer (_stream_writable.js:522:5)
      at Socket.Writable.uncork (_stream_writable.js:319:7)
      at connectionCorkNT (_http_outgoing.js:641:8)
      at process._tickCallback (internal/process/next_tick.js:63:19)


  Error: write EPIPE
      at afterWriteDispatched (internal/stream_base_commons.js:78:25)
      at writevGeneric (internal/stream_base_commons.js:67:3)
      at Socket._writeGeneric (net.js:712:5)
      at Socket._writev (net.js:721:8)
      at doWrite (_stream_writable.js:413:12)
      at clearBuffer (_stream_writable.js:522:5)
      at Socket.Writable.uncork (_stream_writable.js:319:7)
      at connectionCorkNT (_http_outgoing.js:641:8)
      at process._tickCallback (internal/process/next_tick.js:63:19)

TypeError: Cannot read property 'plan' of undefined
    at Shop.findOne.exec (/root/shopify-community-app/Admin-Frontend/server/shopSearchInDB.js:138:43)
    at /root/shopify-community-app/Admin-Frontend/node_modules/mongoose/lib/model.js:4834:16
    at /root/shopify-community-app/Admin-Frontend/node_modules/mongoose/lib/helpers/promiseOrCallback.js:24:16
    at /root/shopify-community-app/Admin-Frontend/node_modules/mongoose/lib/model.js:4857:21
    at _hooks.execPost (/root/shopify-community-app/Admin-Frontend/node_modules/mongoose/lib/query.js:4390:11)
    at /root/shopify-community-app/Admin-Frontend/node_modules/kareem/index.js:135:16
    at process._tickCallback (internal/process/next_tick.js:61:11)
